Error: bind EADDRINUSE null:3000
    at listenOnPrimaryHandle (node:net:2029:18)
    at rr (node:internal/cluster/child:164:12)
    at Worker.<anonymous> (node:internal/cluster/child:114:7)
    at process.onInternalMessage (node:internal/cluster/utils:49:5)
    at process.emit (node:events:520:35)
    at emit (node:internal/child_process:948:14)
    at process.processTicksAndRejections (node:internal/process/task_queues:91:21)
Error: bind EADDRINUSE null:3000
    at listenOnPrimaryHandle (node:net:2029:18)
    at rr (node:internal/cluster/child:164:12)
    at Worker.<anonymous> (node:internal/cluster/child:114:7)
    at process.onInternalMessage (node:internal/cluster/utils:49:5)
    at process.emit (node:events:520:35)
    at emit (node:internal/child_process:948:14)
    at process.processTicksAndRejections (node:internal/process/task_queues:91:21)
Error: bind EADDRINUSE null:3000
    at listenOnPrimaryHandle (node:net:2029:18)
    at rr (node:internal/cluster/child:164:12)
    at Worker.<anonymous> (node:internal/cluster/child:114:7)
    at process.onInternalMessage (node:internal/cluster/utils:49:5)
    at process.emit (node:events:520:35)
    at emit (node:internal/child_process:948:14)
    at process.processTicksAndRejections (node:internal/process/task_queues:91:21)
Error: bind EADDRINUSE null:3000
    at listenOnPrimaryHandle (node:net:2029:18)
    at rr (node:internal/cluster/child:164:12)
    at Worker.<anonymous> (node:internal/cluster/child:114:7)
    at process.onInternalMessage (node:internal/cluster/utils:49:5)
    at process.emit (node:events:520:35)
    at emit (node:internal/child_process:948:14)
    at process.processTicksAndRejections (node:internal/process/task_queues:91:21)
Error: bind EADDRINUSE null:3000
    at listenOnPrimaryHandle (node:net:2029:18)
    at rr (node:internal/cluster/child:164:12)
    at Worker.<anonymous> (node:internal/cluster/child:114:7)
    at process.onInternalMessage (node:internal/cluster/utils:49:5)
    at process.emit (node:events:520:35)
    at emit (node:internal/child_process:948:14)
    at process.processTicksAndRejections (node:internal/process/task_queues:91:21)
Error: bind EADDRINUSE null:3000
    at listenOnPrimaryHandle (node:net:2029:18)
    at rr (node:internal/cluster/child:164:12)
    at Worker.<anonymous> (node:internal/cluster/child:114:7)
    at process.onInternalMessage (node:internal/cluster/utils:49:5)
    at process.emit (node:events:520:35)
    at emit (node:internal/child_process:948:14)
    at process.processTicksAndRejections (node:internal/process/task_queues:91:21)
Error: bind EADDRINUSE null:3000
    at listenOnPrimaryHandle (node:net:2029:18)
    at rr (node:internal/cluster/child:164:12)
    at Worker.<anonymous> (node:internal/cluster/child:114:7)
    at process.onInternalMessage (node:internal/cluster/utils:49:5)
    at process.emit (node:events:520:35)
    at emit (node:internal/child_process:948:14)
    at process.processTicksAndRejections (node:internal/process/task_queues:91:21)
Error: bind EADDRINUSE null:3000
    at listenOnPrimaryHandle (node:net:2029:18)
    at rr (node:internal/cluster/child:164:12)
    at Worker.<anonymous> (node:internal/cluster/child:114:7)
    at process.onInternalMessage (node:internal/cluster/utils:49:5)
    at process.emit (node:events:520:35)
    at emit (node:internal/child_process:948:14)
    at process.processTicksAndRejections (node:internal/process/task_queues:91:21)
Error: bind EADDRINUSE null:3000
    at listenOnPrimaryHandle (node:net:2029:18)
    at rr (node:internal/cluster/child:164:12)
    at Worker.<anonymous> (node:internal/cluster/child:114:7)
    at process.onInternalMessage (node:internal/cluster/utils:49:5)
    at process.emit (node:events:520:35)
    at emit (node:internal/child_process:948:14)
    at process.processTicksAndRejections (node:internal/process/task_queues:91:21)
Error: bind EADDRINUSE null:3000
    at listenOnPrimaryHandle (node:net:2029:18)
    at rr (node:internal/cluster/child:164:12)
    at Worker.<anonymous> (node:internal/cluster/child:114:7)
    at process.onInternalMessage (node:internal/cluster/utils:49:5)
    at process.emit (node:events:520:35)
    at emit (node:internal/child_process:948:14)
    at process.processTicksAndRejections (node:internal/process/task_queues:91:21)
Error: bind EADDRINUSE null:3000
    at listenOnPrimaryHandle (node:net:2029:18)
    at rr (node:internal/cluster/child:164:12)
    at Worker.<anonymous> (node:internal/cluster/child:114:7)
    at process.onInternalMessage (node:internal/cluster/utils:49:5)
    at process.emit (node:events:520:35)
    at emit (node:internal/child_process:948:14)
    at process.processTicksAndRejections (node:internal/process/task_queues:91:21)
Error: bind EADDRINUSE null:3000
    at listenOnPrimaryHandle (node:net:2029:18)
    at rr (node:internal/cluster/child:164:12)
    at Worker.<anonymous> (node:internal/cluster/child:114:7)
    at process.onInternalMessage (node:internal/cluster/utils:49:5)
    at process.emit (node:events:520:35)
    at emit (node:internal/child_process:948:14)
    at process.processTicksAndRejections (node:internal/process/task_queues:91:21)
Error: bind EADDRINUSE null:3000
    at listenOnPrimaryHandle (node:net:2029:18)
    at rr (node:internal/cluster/child:164:12)
    at Worker.<anonymous> (node:internal/cluster/child:114:7)
    at process.onInternalMessage (node:internal/cluster/utils:49:5)
    at process.emit (node:events:520:35)
    at emit (node:internal/child_process:948:14)
    at process.processTicksAndRejections (node:internal/process/task_queues:91:21)
Error: bind EADDRINUSE null:3000
    at listenOnPrimaryHandle (node:net:2029:18)
    at rr (node:internal/cluster/child:164:12)
    at Worker.<anonymous> (node:internal/cluster/child:114:7)
    at process.onInternalMessage (node:internal/cluster/utils:49:5)
    at process.emit (node:events:520:35)
    at emit (node:internal/child_process:948:14)
    at process.processTicksAndRejections (node:internal/process/task_queues:91:21)
Error: bind EADDRINUSE null:3000
    at listenOnPrimaryHandle (node:net:2029:18)
    at rr (node:internal/cluster/child:164:12)
    at Worker.<anonymous> (node:internal/cluster/child:114:7)
    at process.onInternalMessage (node:internal/cluster/utils:49:5)
    at process.emit (node:events:520:35)
    at emit (node:internal/child_process:948:14)
    at process.processTicksAndRejections (node:internal/process/task_queues:91:21)
Error: bind EADDRINUSE null:3000
    at listenOnPrimaryHandle (node:net:2029:18)
    at rr (node:internal/cluster/child:164:12)
    at Worker.<anonymous> (node:internal/cluster/child:114:7)
    at process.onInternalMessage (node:internal/cluster/utils:49:5)
    at process.emit (node:events:520:35)
    at emit (node:internal/child_process:948:14)
    at process.processTicksAndRejections (node:internal/process/task_queues:91:21)
2026-04-10 21:02:00: [ERROR] 2026-04-10T13:02:00.940Z GET /api/map/scene: Unknown column 'npc_id' in 'field list'
2026-04-10 21:02:02: [ERROR] 2026-04-10T13:02:02.779Z GET /api/map/scene: Unknown column 'npc_id' in 'field list'
2026-04-10 21:02:04: [ERROR] 2026-04-10T13:02:04.581Z GET /api/map/scene: Unknown column 'npc_id' in 'field list'
2026-04-10 21:02:15: [ERROR] 2026-04-10T13:02:15.448Z GET /api/map/scene: Unknown column 'npc_id' in 'field list'
2026-04-10 21:02:39: [ERROR] 2026-04-10T13:02:39.602Z GET /api/map/scene: Unknown column 'npc_id' in 'field list'
2026-04-10 21:04:54: [ERROR] 2026-04-10T13:04:54.182Z GET /api/map/scene: Unknown column 'npc_id' in 'field list'
2026-04-10 21:04:55: [ERROR] 2026-04-10T13:04:55.688Z GET /api/map/scene: Unknown column 'npc_id' in 'field list'
2026-04-10 21:04:57: [ERROR] 2026-04-10T13:04:57.090Z GET /api/map/scene: Unknown column 'npc_id' in 'field list'
2026-04-10 21:04:57: [ERROR] 2026-04-10T13:04:57.690Z GET /api/map/scene: Unknown column 'npc_id' in 'field list'
2026-04-10 21:04:58: [ERROR] 2026-04-10T13:04:58.487Z GET /api/map/scene: Unknown column 'npc_id' in 'field list'
2026-04-10 21:05:06: [ERROR] 2026-04-10T13:05:06.045Z GET /api/map/scene: Unknown column 'npc_id' in 'field list'
2026-04-10 21:05:12: [ERROR] 2026-04-10T13:05:12.822Z GET /api/map/scene: Unknown column 'npc_id' in 'field list'
