2026-04-07 03:28:00: [HTTP] Server running on port 3000
2026-04-07 03:28:00: [WS] WebSocket server listening on port 8282
2026-04-07 03:30:49: Shutting down...
2026-04-07 03:30:49: [HTTP] Server running on port 3000
2026-04-07 03:30:49: [WS] WebSocket server listening on port 8282
2026-04-07 03:34:03: Shutting down...
2026-04-07 03:34:04: [HTTP] Server running on port 3000
2026-04-07 03:34:04: [WS] WebSocket server listening on port 8282
2026-04-07 03:37:08: Shutting down...
2026-04-07 03:37:09: [HTTP] Server running on port 3000
2026-04-07 03:37:09: [WS] WebSocket server listening on port 8282
2026-04-07 03:53:40: [WS] User 975269528 connected
2026-04-07 03:55:39: [WS] User 975269528 disconnected
2026-04-07 03:55:40: [WS] User 975269528 connected
2026-04-07 03:57:39: [WS] User 975269528 disconnected
2026-04-07 03:57:40: [WS] User 975269528 connected
2026-04-07 03:59:39: [WS] User 975269528 disconnected
2026-04-07 03:59:40: [WS] User 975269528 connected
2026-04-07 04:01:39: [WS] User 975269528 disconnected
2026-04-07 04:01:40: [WS] User 975269528 connected
2026-04-07 04:03:33: Shutting down...
2026-04-07 04:03:33: [HTTP] Server running on port 3000
2026-04-07 04:03:33: [WS] WebSocket server listening on port 8282
2026-04-07 04:03:35: [WS] User 975269528 connected
2026-04-07 04:04:31: [WS] User 975269528 disconnected
2026-04-07 04:04:32: [WS] User 975269528 connected
2026-04-07 04:04:35: [WS] User 975269528 disconnected
2026-04-07 04:04:35: [WS] User 975269528 connected
2026-04-07 04:05:20: [WS] User 975269528 disconnected
2026-04-07 04:05:20: [WS] User 975269528 connected
2026-04-07 04:06:28: Shutting down...
2026-04-07 04:06:29: [HTTP] Server running on port 3000
2026-04-07 04:06:29: [WS] WebSocket server listening on port 8282
2026-04-07 04:06:30: [WS] User 975269528 connected
2026-04-07 04:06:42: [WS] User 975269528 disconnected
2026-04-07 04:06:42: [WS] User 975269528 connected
2026-04-07 04:08:29: [WS] User 975269528 disconnected
2026-04-07 04:08:31: [WS] User 975269528 connected
2026-04-07 04:10:29: [WS] User 975269528 disconnected
2026-04-07 04:10:31: [WS] User 975269528 connected
2026-04-07 04:12:29: [WS] User 975269528 disconnected
2026-04-07 04:12:31: [WS] User 975269528 connected
2026-04-07 04:14:00: [WS] User 975269528 disconnected
2026-04-07 04:14:00: [WS] User 975269528 connected
2026-04-07 04:15:59: [WS] User 975269528 disconnected
2026-04-07 04:16:00: [WS] User 975269528 connected
2026-04-07 04:17:22: [WS] User 975269528 disconnected
2026-04-07 04:27:41: [HTTP] Server running on port 3000
2026-04-07 04:27:41: [WS] WebSocket server listening on port 8282
2026-04-07 04:32:17: [WS] User 975269528 connected
2026-04-07 04:32:44: [WS] User 975269528 disconnected
2026-04-07 07:04:34: [WS] User 975269528 connected
2026-04-07 07:04:42: [WS] User 975269528 disconnected
2026-04-07 07:09:13: [WS] User 975269528 connected
2026-04-07 07:09:33: [WS] User 975269528 disconnected
2026-04-07 07:09:33: [WS] User 975269528 connected
2026-04-07 07:10:52: [WS] User 975269528 disconnected
2026-04-07 07:15:28: [HTTP] Server running on port 3000
2026-04-07 07:15:28: [WS] WebSocket server listening on port 8282
2026-04-07 07:15:58: [WS] User 975269528 connected
2026-04-07 07:15:59: [WS] User 975269528 disconnected
2026-04-07 07:15:59: [WS] User 975269528 connected
2026-04-07 07:16:17: [WS] User 975269528 disconnected
2026-04-07 07:23:28: [WS] User 975269528 connected
2026-04-07 07:23:33: [WS] User 975269528 disconnected
2026-04-07 07:23:33: [WS] User 975269528 connected
2026-04-07 07:23:51: [WS] User 975269528 disconnected
2026-04-07 07:23:51: [WS] User 975269528 connected
2026-04-07 07:24:16: [WS] User 975269528 disconnected
2026-04-07 07:26:14: [HTTP] Server running on port 3000
2026-04-07 07:26:14: [WS] WebSocket server listening on port 8282
2026-04-07 07:31:36: [WS] User 975269528 connected
2026-04-07 07:31:37: [WS] User 975269528 disconnected
2026-04-07 07:31:38: [WS] User 975269528 connected
2026-04-07 07:32:31: [WS] User 975269528 disconnected
2026-04-07 07:53:11: [HTTP] Server running on port 3000
2026-04-07 07:53:11: [WS] WebSocket server listening on port 8282
2026-04-07 07:53:16: [HTTP] Server running on port 3000
2026-04-07 07:53:16: [WS] WebSocket server listening on port 8282
2026-04-07 08:04:31: [HTTP] Server running on port 3000
2026-04-07 08:04:31: [WS] WebSocket server listening on port 8282
2026-04-07 08:05:09: [HTTP] Server running on port 3000
2026-04-07 08:05:09: [WS] WebSocket server listening on port 8282
2026-04-07 08:06:46: [HTTP] Server running on port 3000
2026-04-07 08:06:46: [WS] WebSocket server listening on port 8282
2026-04-07 11:18:09: [WS] User 975269528 connected
2026-04-07 11:18:16: [WS] User 975269528 disconnected
2026-04-07 11:28:32: [WS] User 975269528 connected
2026-04-07 11:29:44: [WS] User 975269528 disconnected
2026-04-07 11:29:45: [WS] User 975269528 connected
2026-04-07 11:30:37: [WS] User 975269528 disconnected
2026-04-07 11:35:54: [WS] User 975269528 connected
2026-04-07 11:35:55: [WS] User 975269528 disconnected
2026-04-07 11:35:56: [WS] User 975269528 connected
2026-04-07 11:36:28: [WS] User 975269528 disconnected
2026-04-07 11:38:09: [WS] User 975269528 connected
2026-04-07 11:38:09: [WS] User 975269528 disconnected
2026-04-07 11:38:10: [WS] User 975269528 connected
2026-04-07 11:38:27: [WS] User 975269528 disconnected
2026-04-07 11:38:27: [WS] User 975269528 connected
2026-04-07 11:39:18: [WS] User 975269528 disconnected
2026-04-07 11:39:19: [WS] User 975269528 connected
2026-04-07 11:39:40: [WS] User 975269528 disconnected
2026-04-07 11:44:26: [HTTP] Server running on port 3000
2026-04-07 11:44:26: [WS] WebSocket server listening on port 8282
2026-04-07 11:45:35: [WS] User 975269528 connected
2026-04-07 11:45:36: [WS] User 975269528 disconnected
2026-04-07 11:45:36: [WS] User 975269528 connected
2026-04-07 11:47:10: [WS] User 975269528 disconnected
2026-04-07 11:50:12: [WS] User 975269528 connected
2026-04-07 11:50:12: [WS] User 975269528 disconnected
2026-04-07 11:50:13: [WS] User 975269528 connected
2026-04-07 11:50:26: [WS] User 975269528 disconnected
2026-04-07 11:54:45: [WS] User 975269528 connected
2026-04-07 11:55:35: [WS] User 975269528 disconnected
2026-04-07 11:55:35: [WS] User 975269528 connected
2026-04-07 11:55:52: [WS] User 975269528 disconnected
2026-04-07 11:56:38: [WS] User 975269528 connected
2026-04-07 11:56:38: [WS] User 975269528 disconnected
2026-04-07 11:56:39: [WS] User 975269528 connected
2026-04-07 11:57:04: [WS] User 975269528 disconnected
2026-04-07 11:57:32: [WS] User 975269528 connected
2026-04-07 11:57:32: [WS] User 975269528 disconnected
2026-04-07 11:57:33: [WS] User 975269528 connected
2026-04-07 11:58:09: [WS] User 975269528 disconnected
2026-04-07 12:01:17: [WS] User 975269528 connected
2026-04-07 12:01:17: [WS] User 975269528 disconnected
2026-04-07 12:01:18: [WS] User 975269528 connected
2026-04-07 12:01:53: [WS] User 975269528 disconnected
2026-04-07 12:12:58: [HTTP] Server running on port 3000
2026-04-07 12:12:58: [WS] WebSocket server listening on port 8282
2026-04-07 12:16:03: [WS] User 975269528 connected
2026-04-07 12:16:04: [WS] User 975269528 disconnected
2026-04-07 12:16:04: [WS] User 975269528 connected
2026-04-07 12:16:40: [WS] User 975269528 disconnected
2026-04-07 12:22:50: [HTTP] Server running on port 3000
2026-04-07 12:22:50: [WS] WebSocket server listening on port 8282
2026-04-07 12:23:25: [HTTP] Server running on port 3000
2026-04-07 12:23:25: [WS] WebSocket server listening on port 8282
2026-04-07 12:25:21: [WS] User 975269528 connected
2026-04-07 12:25:22: [WS] User 975269528 disconnected
2026-04-07 12:25:23: [WS] User 975269528 connected
2026-04-07 12:25:59: [WS] User 975269528 disconnected
2026-04-07 12:26:13: [HTTP] Server running on port 3000
2026-04-07 12:26:13: [WS] WebSocket server listening on port 8282
2026-04-07 15:09:58: [WS] User 975269528 connected
2026-04-07 15:09:59: [WS] User 975269528 disconnected
2026-04-07 15:10:00: [WS] User 975269528 connected
2026-04-07 15:10:47: [WS] User 975269528 disconnected
2026-04-07 15:15:03: [WS] User 975269528 connected
2026-04-07 15:15:03: [WS] User 975269528 disconnected
2026-04-07 15:15:04: [WS] User 975269528 connected
2026-04-07 15:15:41: [WS] User 975269528 disconnected
2026-04-07 15:17:55: [WS] User 975269528 connected
2026-04-07 15:17:56: [WS] User 975269528 disconnected
2026-04-07 15:17:57: [WS] User 975269528 connected
2026-04-07 15:18:42: [WS] User 975269528 disconnected
2026-04-07 15:19:41: [WS] User 975269528 connected
2026-04-07 15:19:41: [WS] User 975269528 disconnected
2026-04-07 15:19:43: [WS] User 975269528 connected
2026-04-07 15:20:53: [WS] User 975269528 disconnected
2026-04-07 15:21:59: [HTTP] Server running on port 3000
2026-04-07 15:21:59: [WS] WebSocket server listening on port 8282
2026-04-07 15:23:58: [WS] User 975269528 connected
2026-04-07 15:23:58: [WS] User 975269528 disconnected
2026-04-07 15:23:58: [WS] User 975269528 connected
2026-04-07 15:24:06: [WS] User 975269528 disconnected
2026-04-07 15:28:47: [HTTP] Server running on port 3000
2026-04-07 15:28:47: [WS] WebSocket server listening on port 8282
2026-04-07 15:29:36: [HTTP] Server running on port 3000
2026-04-07 15:29:36: [WS] WebSocket server listening on port 8282
2026-04-07 15:32:08: [HTTP] Server running on port 3000
2026-04-07 15:32:08: [WS] WebSocket server listening on port 8282
2026-04-07 17:06:41: [HTTP] Server running on port 3000
2026-04-07 17:06:41: [WS] WebSocket server listening on port 8282
2026-04-07 17:07:20: [HTTP] Server running on port 3000
2026-04-07 17:07:20: [WS] WebSocket server listening on port 8282
2026-04-07 17:11:11: [WS] User 975269528 connected
2026-04-07 17:12:50: [WS] User 975269528 disconnected
2026-04-07 17:12:51: [WS] User 975269528 connected
2026-04-07 17:14:47: [WS] User 975269528 disconnected
2026-04-07 17:20:20: [WS] User 975269528 connected
2026-04-07 17:20:21: [WS] User 975269528 disconnected
2026-04-07 17:20:21: [WS] User 975269528 connected
2026-04-07 17:22:13: [WS] User 975269528 disconnected
2026-04-07 17:53:24: [WS] User 975269528 connected
2026-04-07 17:55:20: [WS] User 975269528 disconnected
2026-04-07 17:55:21: [WS] User 975269528 connected
2026-04-07 17:57:20: [WS] User 975269528 disconnected
2026-04-07 17:57:23: [WS] User 975269528 connected
2026-04-07 17:58:52: [WS] User 975269528 disconnected
2026-04-07 17:58:54: [WS] User 975269528 connected
2026-04-07 17:59:54: [WS] User 975269528 disconnected
2026-04-07 17:59:56: [WS] User 975269528 connected
2026-04-07 18:00:56: [WS] User 975269528 disconnected
2026-04-07 18:00:59: [WS] User 975269528 connected
2026-04-07 18:01:58: [WS] User 975269528 disconnected
2026-04-07 18:02:01: [WS] User 975269528 connected
2026-04-07 18:03:00: [WS] User 975269528 disconnected
2026-04-07 18:03:02: [WS] User 975269528 connected
2026-04-07 18:04:02: [WS] User 975269528 disconnected
2026-04-07 18:04:05: [WS] User 975269528 connected
2026-04-07 18:05:04: [WS] User 975269528 disconnected
2026-04-07 18:05:07: [WS] User 975269528 connected
2026-04-07 18:06:06: [WS] User 975269528 disconnected
2026-04-07 18:06:09: [WS] User 975269528 connected
2026-04-07 18:07:08: [WS] User 975269528 disconnected
2026-04-07 18:07:11: [WS] User 975269528 connected
2026-04-07 18:08:10: [WS] User 975269528 disconnected
2026-04-07 18:08:13: [WS] User 975269528 connected
2026-04-07 18:09:12: [WS] User 975269528 disconnected
2026-04-07 18:09:15: [WS] User 975269528 connected
2026-04-07 18:10:14: [WS] User 975269528 disconnected
2026-04-07 18:10:16: [WS] User 975269528 connected
2026-04-07 18:11:16: [WS] User 975269528 disconnected
2026-04-07 18:11:18: [WS] User 975269528 connected
2026-04-07 18:12:18: [WS] User 975269528 disconnected
2026-04-07 18:12:21: [WS] User 975269528 connected
2026-04-07 18:13:50: [WS] User 975269528 disconnected
2026-04-07 18:13:52: [WS] User 975269528 connected
2026-04-07 18:14:52: [WS] User 975269528 disconnected
2026-04-07 18:14:55: [WS] User 975269528 connected
2026-04-07 18:15:54: [WS] User 975269528 disconnected
2026-04-07 18:15:56: [WS] User 975269528 connected
2026-04-07 18:16:56: [WS] User 975269528 disconnected
2026-04-07 18:16:58: [WS] User 975269528 connected
2026-04-07 18:17:58: [WS] User 975269528 disconnected
2026-04-07 18:18:01: [WS] User 975269528 connected
2026-04-07 18:19:00: [WS] User 975269528 disconnected
2026-04-07 18:19:03: [WS] User 975269528 connected
2026-04-07 18:20:02: [WS] User 975269528 disconnected
2026-04-07 18:20:05: [WS] User 975269528 connected
2026-04-07 18:21:04: [WS] User 975269528 disconnected
2026-04-07 18:21:06: [WS] User 975269528 connected
2026-04-07 18:22:06: [WS] User 975269528 disconnected
2026-04-07 18:22:08: [WS] User 975269528 connected
2026-04-07 18:23:08: [WS] User 975269528 disconnected
2026-04-07 18:23:10: [WS] User 975269528 connected
2026-04-07 18:24:10: [WS] User 975269528 disconnected
2026-04-07 18:24:12: [WS] User 975269528 connected
2026-04-07 18:25:12: [WS] User 975269528 disconnected
2026-04-07 18:25:14: [WS] User 975269528 connected
2026-04-07 18:26:14: [WS] User 975269528 disconnected
2026-04-07 18:26:16: [WS] User 975269528 connected
2026-04-07 18:27:16: [WS] User 975269528 disconnected
2026-04-07 18:27:18: [WS] User 975269528 connected
2026-04-07 18:28:18: [WS] User 975269528 disconnected
2026-04-07 18:28:21: [WS] User 975269528 connected
2026-04-07 18:29:50: [WS] User 975269528 disconnected
2026-04-07 18:29:52: [WS] User 975269528 connected
2026-04-07 18:30:52: [WS] User 975269528 disconnected
2026-04-07 18:30:54: [WS] User 975269528 connected
2026-04-07 18:31:54: [WS] User 975269528 disconnected
2026-04-07 18:31:56: [WS] User 975269528 connected
2026-04-07 18:32:56: [WS] User 975269528 disconnected
2026-04-07 18:32:58: [WS] User 975269528 connected
2026-04-07 18:33:58: [WS] User 975269528 disconnected
2026-04-07 18:34:00: [WS] User 975269528 connected
2026-04-07 18:35:00: [WS] User 975269528 disconnected
2026-04-07 18:35:02: [WS] User 975269528 connected
2026-04-07 18:36:02: [WS] User 975269528 disconnected
2026-04-07 18:36:04: [WS] User 975269528 connected
2026-04-07 18:37:04: [WS] User 975269528 disconnected
2026-04-07 18:37:06: [WS] User 975269528 connected
2026-04-07 18:38:06: [WS] User 975269528 disconnected
2026-04-07 18:38:08: [WS] User 975269528 connected
2026-04-07 18:39:08: [WS] User 975269528 disconnected
2026-04-07 18:39:10: [WS] User 975269528 connected
2026-04-07 18:39:32: [WS] User 975269528 connected
2026-04-07 18:41:20: [WS] User 975269528 disconnected
2026-04-07 18:41:21: [WS] User 975269528 connected
2026-04-07 18:43:20: [WS] User 975269528 disconnected
2026-04-07 18:43:21: [WS] User 975269528 connected
2026-04-07 18:45:20: [WS] User 975269528 disconnected
2026-04-07 18:45:21: [WS] User 975269528 connected
2026-04-07 18:47:20: [WS] User 975269528 disconnected
2026-04-07 18:47:21: [WS] User 975269528 connected
2026-04-07 18:49:20: [WS] User 975269528 disconnected
2026-04-07 18:49:21: [WS] User 975269528 connected
2026-04-07 18:51:20: [WS] User 975269528 disconnected
2026-04-07 18:51:21: [WS] User 975269528 connected
2026-04-07 18:53:20: [WS] User 975269528 disconnected
2026-04-07 18:53:21: [WS] User 975269528 connected
2026-04-07 18:55:20: [WS] User 975269528 disconnected
2026-04-07 18:55:21: [WS] User 975269528 connected
2026-04-07 18:57:20: [WS] User 975269528 disconnected
2026-04-07 18:57:21: [WS] User 975269528 connected
2026-04-07 18:59:20: [WS] User 975269528 disconnected
2026-04-07 18:59:21: [WS] User 975269528 connected
2026-04-07 19:01:20: [WS] User 975269528 disconnected
2026-04-07 19:01:21: [WS] User 975269528 connected
2026-04-07 19:03:20: [WS] User 975269528 disconnected
2026-04-07 19:03:21: [WS] User 975269528 connected
2026-04-07 19:05:20: [WS] User 975269528 disconnected
2026-04-07 19:05:21: [WS] User 975269528 connected
2026-04-07 19:07:20: [WS] User 975269528 disconnected
2026-04-07 19:07:21: [WS] User 975269528 connected
2026-04-07 19:09:20: [WS] User 975269528 disconnected
2026-04-07 19:09:21: [WS] User 975269528 connected
2026-04-07 19:11:20: [WS] User 975269528 disconnected
2026-04-07 19:11:21: [WS] User 975269528 connected
2026-04-07 19:13:20: [WS] User 975269528 disconnected
2026-04-07 19:13:21: [WS] User 975269528 connected
2026-04-07 19:15:20: [WS] User 975269528 disconnected
2026-04-07 19:15:21: [WS] User 975269528 connected
2026-04-07 19:17:20: [WS] User 975269528 disconnected
2026-04-07 19:17:21: [WS] User 975269528 connected
2026-04-07 19:19:20: [WS] User 975269528 disconnected
2026-04-07 19:19:21: [WS] User 975269528 connected
2026-04-07 19:21:20: [WS] User 975269528 disconnected
2026-04-07 19:21:21: [WS] User 975269528 connected
2026-04-07 19:23:20: [WS] User 975269528 disconnected
2026-04-07 19:23:21: [WS] User 975269528 connected
2026-04-07 19:25:20: [WS] User 975269528 disconnected
2026-04-07 19:25:21: [WS] User 975269528 connected
2026-04-07 19:27:20: [WS] User 975269528 disconnected
2026-04-07 19:27:21: [WS] User 975269528 connected
2026-04-07 19:29:20: [WS] User 975269528 disconnected
2026-04-07 19:29:21: [WS] User 975269528 connected
2026-04-07 19:31:20: [WS] User 975269528 disconnected
2026-04-07 19:31:21: [WS] User 975269528 connected
2026-04-07 19:33:20: [WS] User 975269528 disconnected
2026-04-07 19:33:21: [WS] User 975269528 connected
2026-04-07 19:35:20: [WS] User 975269528 disconnected
2026-04-07 19:35:21: [WS] User 975269528 connected
2026-04-07 19:37:20: [WS] User 975269528 disconnected
2026-04-07 19:37:24: [WS] User 975269528 connected
2026-04-07 19:39:20: [WS] User 975269528 disconnected
2026-04-07 19:39:21: [WS] User 975269528 connected
2026-04-07 19:41:20: [WS] User 975269528 disconnected
2026-04-07 19:41:21: [WS] User 975269528 connected
2026-04-07 19:43:20: [WS] User 975269528 disconnected
2026-04-07 19:43:21: [WS] User 975269528 connected
2026-04-07 19:45:20: [WS] User 975269528 disconnected
2026-04-07 19:45:21: [WS] User 975269528 connected
2026-04-07 19:47:20: [WS] User 975269528 disconnected
2026-04-07 19:47:21: [WS] User 975269528 connected
2026-04-07 19:49:20: [WS] User 975269528 disconnected
2026-04-07 19:49:21: [WS] User 975269528 connected
2026-04-07 19:51:20: [WS] User 975269528 disconnected
2026-04-07 19:51:21: [WS] User 975269528 connected
2026-04-07 19:53:20: [WS] User 975269528 disconnected
2026-04-07 19:53:21: [WS] User 975269528 connected
2026-04-07 19:55:20: [WS] User 975269528 disconnected
2026-04-07 19:55:21: [WS] User 975269528 connected
2026-04-07 19:57:20: [WS] User 975269528 disconnected
2026-04-07 19:57:21: [WS] User 975269528 connected
2026-04-07 19:59:20: [WS] User 975269528 disconnected
2026-04-07 19:59:21: [WS] User 975269528 connected
2026-04-07 20:01:20: [WS] User 975269528 disconnected
2026-04-07 20:01:21: [WS] User 975269528 connected
2026-04-07 20:03:20: [WS] User 975269528 disconnected
2026-04-07 20:03:21: [WS] User 975269528 connected
2026-04-07 20:05:20: [WS] User 975269528 disconnected
2026-04-07 20:05:21: [WS] User 975269528 connected
2026-04-07 20:07:20: [WS] User 975269528 disconnected
2026-04-07 20:07:21: [WS] User 975269528 connected
2026-04-07 20:09:20: [WS] User 975269528 disconnected
2026-04-07 20:09:21: [WS] User 975269528 connected
2026-04-07 20:11:20: [WS] User 975269528 disconnected
2026-04-07 20:11:21: [WS] User 975269528 connected
2026-04-07 20:13:20: [WS] User 975269528 disconnected
2026-04-07 20:13:21: [WS] User 975269528 connected
2026-04-07 20:15:20: [WS] User 975269528 disconnected
2026-04-07 20:15:21: [WS] User 975269528 connected
2026-04-07 20:17:20: [WS] User 975269528 disconnected
2026-04-07 20:17:21: [WS] User 975269528 connected
2026-04-07 20:19:20: [WS] User 975269528 disconnected
2026-04-07 20:19:21: [WS] User 975269528 connected
2026-04-07 20:20:56: [WS] User 975269528 disconnected
2026-04-07 20:20:56: [WS] User 975269528 connected
2026-04-07 20:21:18: [WS] User 975269528 disconnected
2026-04-07 20:21:18: [WS] User 975269528 connected
2026-04-07 20:21:36: [WS] User 975269528 disconnected
2026-04-07 20:21:36: [WS] User 975269528 connected
2026-04-07 20:22:43: [WS] User 975269528 disconnected
2026-04-07 20:22:43: [WS] User 975269528 connected
2026-04-07 20:22:56: [WS] User 975269528 disconnected
2026-04-07 20:22:56: [WS] User 975269528 connected
2026-04-07 20:23:13: [WS] User 975269528 disconnected
2026-04-07 20:23:13: [WS] User 975269528 connected
2026-04-07 20:23:25: [WS] User 975269528 disconnected
2026-04-07 20:23:25: [WS] User 975269528 connected
2026-04-07 20:25:20: [WS] User 975269528 disconnected
2026-04-07 20:25:21: [WS] User 975269528 connected
2026-04-07 20:25:22: [WS] User 975269528 disconnected
2026-04-07 20:25:22: [WS] User 975269528 connected
2026-04-07 20:26:02: [WS] User 975269528 disconnected
2026-04-07 20:26:03: [WS] User 975269528 connected
2026-04-07 20:27:50: [WS] User 975269528 disconnected
2026-04-07 20:27:51: [WS] User 975269528 connected
2026-04-07 20:29:50: [WS] User 975269528 disconnected
2026-04-07 20:29:51: [WS] User 975269528 connected
2026-04-07 20:31:50: [WS] User 975269528 disconnected
2026-04-07 20:31:51: [WS] User 975269528 connected
2026-04-07 20:33:33: [HTTP] Server running on port 3000
2026-04-07 20:33:33: [WS] WebSocket server listening on port 8282
2026-04-07 20:33:34: [WS] User 975269528 connected
2026-04-07 20:34:28: [WS] User 975269528 disconnected
2026-04-07 20:34:28: [WS] User 975269528 connected
2026-04-07 20:36:03: [WS] User 975269528 disconnected
2026-04-07 20:36:04: [WS] User 975269528 connected
2026-04-07 20:37:20: [HTTP] Server running on port 3000
2026-04-07 20:37:20: [WS] WebSocket server listening on port 8282
2026-04-07 20:37:22: [WS] User 975269528 connected
2026-04-07 20:39:20: [WS] User 975269528 disconnected
2026-04-07 20:39:21: [WS] User 975269528 connected
2026-04-07 20:41:20: [WS] User 975269528 disconnected
2026-04-07 20:41:21: [WS] User 975269528 connected
2026-04-07 20:43:20: [WS] User 975269528 disconnected
2026-04-07 20:43:21: [WS] User 975269528 connected
2026-04-07 20:45:20: [WS] User 975269528 disconnected
2026-04-07 20:45:21: [WS] User 975269528 connected
2026-04-07 20:47:20: [WS] User 975269528 disconnected
2026-04-07 20:47:21: [WS] User 975269528 connected
2026-04-07 20:49:20: [WS] User 975269528 disconnected
2026-04-07 20:49:21: [WS] User 975269528 connected
2026-04-07 20:51:20: [WS] User 975269528 disconnected
2026-04-07 20:51:21: [WS] User 975269528 connected
2026-04-07 20:53:20: [WS] User 975269528 disconnected
2026-04-07 20:53:21: [WS] User 975269528 connected
2026-04-07 20:55:20: [WS] User 975269528 disconnected
2026-04-07 20:55:21: [WS] User 975269528 connected
2026-04-07 20:58:26: [HTTP] Server running on port 3000
2026-04-07 20:58:26: [WS] WebSocket server listening on port 8282
2026-04-07 20:58:34: [WS] User 975269528 connected
2026-04-07 21:00:26: [WS] User 975269528 disconnected
2026-04-07 21:00:27: [WS] User 975269528 connected
2026-04-07 21:02:26: [WS] User 975269528 disconnected
2026-04-07 21:02:27: [WS] User 975269528 connected
2026-04-07 21:04:26: [WS] User 975269528 disconnected
2026-04-07 21:04:27: [WS] User 975269528 connected
2026-04-07 21:06:26: [WS] User 975269528 disconnected
2026-04-07 21:06:27: [WS] User 975269528 connected
2026-04-07 21:08:26: [WS] User 975269528 disconnected
2026-04-07 21:08:27: [WS] User 975269528 connected
2026-04-07 21:10:26: [WS] User 975269528 disconnected
2026-04-07 21:10:28: [WS] User 975269528 connected
2026-04-07 21:12:26: [WS] User 975269528 disconnected
2026-04-07 21:12:28: [WS] User 975269528 connected
2026-04-07 21:14:26: [WS] User 975269528 disconnected
2026-04-07 21:14:27: [WS] User 975269528 connected
2026-04-07 21:16:26: [WS] User 975269528 disconnected
2026-04-07 21:16:28: [WS] User 975269528 connected
2026-04-07 21:18:26: [WS] User 975269528 disconnected
2026-04-07 21:18:28: [WS] User 975269528 connected
2026-04-07 21:20:26: [WS] User 975269528 disconnected
2026-04-07 21:20:28: [WS] User 975269528 connected
2026-04-07 21:22:26: [WS] User 975269528 disconnected
2026-04-07 21:22:28: [WS] User 975269528 connected
2026-04-07 21:24:26: [WS] User 975269528 disconnected
2026-04-07 21:24:28: [WS] User 975269528 connected
2026-04-07 21:26:26: [WS] User 975269528 disconnected
2026-04-07 21:26:28: [WS] User 975269528 connected
2026-04-07 21:28:26: [WS] User 975269528 disconnected
2026-04-07 21:28:28: [WS] User 975269528 connected
2026-04-07 21:30:26: [WS] User 975269528 disconnected
2026-04-07 21:30:27: [WS] User 975269528 connected
2026-04-07 21:32:26: [WS] User 975269528 disconnected
2026-04-07 21:32:28: [WS] User 975269528 connected
2026-04-07 21:33:42: [WS] User 975269528 disconnected
2026-04-07 21:33:43: [WS] User 975269528 connected
2026-04-07 21:35:26: [WS] User 975269528 disconnected
2026-04-07 21:35:28: [WS] User 975269528 connected
2026-04-07 21:37:26: [WS] User 975269528 disconnected
2026-04-07 21:37:29: [WS] User 975269528 connected
2026-04-07 21:39:26: [WS] User 975269528 disconnected
2026-04-07 21:39:28: [WS] User 975269528 connected
2026-04-07 21:41:26: [WS] User 975269528 disconnected
2026-04-07 21:41:28: [WS] User 975269528 connected
2026-04-07 21:43:26: [WS] User 975269528 disconnected
2026-04-07 21:43:28: [WS] User 975269528 connected
2026-04-07 21:45:26: [WS] User 975269528 disconnected
2026-04-07 21:45:28: [WS] User 975269528 connected
2026-04-07 21:47:26: [WS] User 975269528 disconnected
2026-04-07 21:47:28: [WS] User 975269528 connected
2026-04-07 21:49:26: [WS] User 975269528 disconnected
2026-04-07 21:49:28: [WS] User 975269528 connected
2026-04-07 21:50:45: [WS] User 975269528 disconnected
2026-04-07 21:50:46: [WS] User 975269528 connected
2026-04-07 21:52:26: [WS] User 975269528 disconnected
2026-04-07 21:52:28: [WS] User 975269528 connected
2026-04-07 21:54:26: [WS] User 975269528 disconnected
2026-04-07 21:54:28: [WS] User 975269528 connected
2026-04-07 21:56:26: [WS] User 975269528 disconnected
2026-04-07 21:56:28: [WS] User 975269528 connected
2026-04-07 21:58:26: [WS] User 975269528 disconnected
2026-04-07 21:58:28: [WS] User 975269528 connected
2026-04-07 22:00:26: [WS] User 975269528 disconnected
2026-04-07 22:00:28: [WS] User 975269528 connected
2026-04-07 22:02:26: [WS] User 975269528 disconnected
2026-04-07 22:02:28: [WS] User 975269528 connected
2026-04-07 22:04:26: [WS] User 975269528 disconnected
2026-04-07 22:04:28: [WS] User 975269528 connected
2026-04-07 22:06:26: [WS] User 975269528 disconnected
2026-04-07 22:06:28: [WS] User 975269528 connected
2026-04-07 22:08:26: [WS] User 975269528 disconnected
2026-04-07 22:08:28: [WS] User 975269528 connected
2026-04-07 22:10:26: [WS] User 975269528 disconnected
2026-04-07 22:10:28: [WS] User 975269528 connected
2026-04-07 22:12:26: [WS] User 975269528 disconnected
2026-04-07 22:12:28: [WS] User 975269528 connected
2026-04-07 22:14:26: [WS] User 975269528 disconnected
2026-04-07 22:14:28: [WS] User 975269528 connected
2026-04-07 22:16:26: [WS] User 975269528 disconnected
2026-04-07 22:16:28: [WS] User 975269528 connected
2026-04-07 22:18:19: [HTTP] Server running on port 3000
2026-04-07 22:18:19: [WS] WebSocket server listening on port 8282
2026-04-07 22:18:20: [WS] User 975269528 connected
2026-04-07 22:19:04: [WS] User 975269528 disconnected
2026-04-07 22:19:04: [WS] User 975269528 connected
2026-04-07 22:20:49: [WS] User 975269528 disconnected
2026-04-07 22:20:51: [WS] User 975269528 connected
2026-04-07 22:22:27: [HTTP] Server running on port 3000
2026-04-07 22:22:27: [WS] WebSocket server listening on port 8282
2026-04-07 22:22:28: [WS] User 975269528 connected
2026-04-07 22:23:35: [WS] User 975269528 disconnected
2026-04-07 22:23:35: [WS] User 975269528 connected
2026-04-07 22:24:09: [WS] User 975269528 disconnected
2026-04-07 22:24:09: [WS] User 975269528 connected
2026-04-07 22:24:57: [HTTP] Server running on port 3000
2026-04-07 22:24:57: [WS] WebSocket server listening on port 8282
2026-04-07 22:24:58: [WS] User 975269528 connected
2026-04-07 22:25:12: [WS] User 975269528 disconnected
2026-04-07 22:25:12: [WS] User 975269528 connected
2026-04-07 22:25:17: [DEATH] user.place_id= 1028 tavernId= 1011 tavernName= 威尼斯酒馆
2026-04-07 22:26:57: [WS] User 975269528 disconnected
2026-04-07 22:26:58: [WS] User 975269528 connected
2026-04-07 22:27:15: [WS] User 975269528 disconnected
2026-04-07 22:27:15: [WS] User 975269528 connected
2026-04-07 22:27:20: [DEATH] user.place_id= 1011 tavernId= 1011 tavernName= 威尼斯酒馆
2026-04-07 22:27:27: [DEATH] user.place_id= 1019 tavernId= 1011 tavernName= 威尼斯酒馆
2026-04-07 22:28:57: [WS] User 975269528 disconnected
2026-04-07 22:28:59: [WS] User 975269528 connected
2026-04-07 22:30:57: [WS] User 975269528 disconnected
2026-04-07 22:30:59: [WS] User 975269528 connected
2026-04-07 22:32:57: [WS] User 975269528 disconnected
2026-04-07 22:32:59: [WS] User 975269528 connected
2026-04-07 22:34:57: [WS] User 975269528 disconnected
2026-04-07 22:34:59: [WS] User 975269528 connected
2026-04-07 22:36:57: [WS] User 975269528 disconnected
2026-04-07 22:36:59: [WS] User 975269528 connected
2026-04-07 22:38:57: [WS] User 975269528 disconnected
2026-04-07 22:38:59: [WS] User 975269528 connected
2026-04-07 22:40:57: [WS] User 975269528 disconnected
2026-04-07 22:40:59: [WS] User 975269528 connected
2026-04-07 22:42:57: [WS] User 975269528 disconnected
2026-04-07 22:42:58: [WS] User 975269528 connected
2026-04-07 22:44:57: [WS] User 975269528 disconnected
2026-04-07 22:44:58: [WS] User 975269528 connected
2026-04-07 22:45:28: [HTTP] Server running on port 3000
2026-04-07 22:45:28: [WS] WebSocket server listening on port 8282
2026-04-07 22:45:29: [WS] User 975269528 connected
2026-04-07 22:45:48: [WS] User 975269528 disconnected
2026-04-07 22:45:48: [WS] User 975269528 connected
2026-04-07 22:47:28: [WS] User 975269528 disconnected
2026-04-07 22:47:29: [WS] User 975269528 connected
2026-04-07 22:49:28: [WS] User 975269528 disconnected
2026-04-07 22:49:29: [WS] User 975269528 connected
2026-04-07 22:51:28: [WS] User 975269528 disconnected
2026-04-07 22:51:29: [WS] User 975269528 connected
2026-04-07 22:53:28: [WS] User 975269528 disconnected
2026-04-07 22:53:29: [WS] User 975269528 connected
2026-04-07 22:55:28: [WS] User 975269528 disconnected
2026-04-07 22:55:29: [WS] User 975269528 connected
2026-04-07 22:57:28: [WS] User 975269528 disconnected
2026-04-07 22:57:29: [WS] User 975269528 connected
2026-04-07 22:59:28: [WS] User 975269528 disconnected
2026-04-07 22:59:30: [WS] User 975269528 connected
2026-04-07 23:01:28: [WS] User 975269528 disconnected
2026-04-07 23:01:30: [WS] User 975269528 connected
2026-04-07 23:03:28: [WS] User 975269528 disconnected
2026-04-07 23:03:30: [WS] User 975269528 connected
2026-04-07 23:05:28: [WS] User 975269528 disconnected
2026-04-07 23:05:30: [WS] User 975269528 connected
2026-04-07 23:07:28: [WS] User 975269528 disconnected
2026-04-07 23:07:30: [WS] User 975269528 connected
2026-04-07 23:09:28: [WS] User 975269528 disconnected
2026-04-07 23:09:30: [WS] User 975269528 connected
2026-04-07 23:11:28: [WS] User 975269528 disconnected
2026-04-07 23:11:30: [WS] User 975269528 connected
2026-04-07 23:13:28: [WS] User 975269528 disconnected
2026-04-07 23:13:30: [WS] User 975269528 connected
2026-04-07 23:15:28: [WS] User 975269528 disconnected
2026-04-07 23:15:30: [WS] User 975269528 connected
2026-04-07 23:16:58: [WS] User 975269528 disconnected
2026-04-07 23:16:59: [WS] User 975269528 connected
2026-04-07 23:18:58: [WS] User 975269528 disconnected
2026-04-07 23:19:00: [WS] User 975269528 connected
2026-04-07 23:20:58: [WS] User 975269528 disconnected
2026-04-07 23:21:00: [WS] User 975269528 connected
2026-04-07 23:22:58: [WS] User 975269528 disconnected
2026-04-07 23:23:00: [WS] User 975269528 connected
2026-04-07 23:24:58: [WS] User 975269528 disconnected
2026-04-07 23:25:00: [WS] User 975269528 connected
2026-04-07 23:26:58: [WS] User 975269528 disconnected
2026-04-07 23:27:00: [WS] User 975269528 connected
2026-04-07 23:28:58: [WS] User 975269528 disconnected
2026-04-07 23:29:00: [WS] User 975269528 connected
2026-04-07 23:30:58: [WS] User 975269528 disconnected
2026-04-07 23:31:00: [WS] User 975269528 connected
2026-04-07 23:32:58: [WS] User 975269528 disconnected
2026-04-07 23:33:00: [WS] User 975269528 connected
2026-04-07 23:34:58: [WS] User 975269528 disconnected
2026-04-07 23:35:00: [WS] User 975269528 connected
2026-04-07 23:36:58: [WS] User 975269528 disconnected
2026-04-07 23:37:00: [WS] User 975269528 connected
2026-04-07 23:38:58: [WS] User 975269528 disconnected
2026-04-07 23:39:00: [WS] User 975269528 connected
2026-04-07 23:40:58: [WS] User 975269528 disconnected
2026-04-07 23:41:00: [WS] User 975269528 connected
2026-04-07 23:42:58: [WS] User 975269528 disconnected
2026-04-07 23:43:00: [WS] User 975269528 connected
2026-04-07 23:44:58: [WS] User 975269528 disconnected
2026-04-07 23:45:00: [WS] User 975269528 connected
2026-04-07 23:46:58: [WS] User 975269528 disconnected
2026-04-07 23:47:00: [WS] User 975269528 connected
2026-04-07 23:48:58: [WS] User 975269528 disconnected
2026-04-07 23:49:00: [WS] User 975269528 connected
2026-04-07 23:50:58: [WS] User 975269528 disconnected
2026-04-07 23:51:00: [WS] User 975269528 connected
2026-04-07 23:52:58: [WS] User 975269528 disconnected
2026-04-07 23:53:00: [WS] User 975269528 connected
2026-04-07 23:54:58: [WS] User 975269528 disconnected
2026-04-07 23:55:00: [WS] User 975269528 connected
2026-04-07 23:56:58: [WS] User 975269528 disconnected
2026-04-07 23:57:00: [WS] User 975269528 connected
2026-04-07 23:58:58: [WS] User 975269528 disconnected
2026-04-07 23:59:00: [WS] User 975269528 connected
2026-04-08 00:00:58: [WS] User 975269528 disconnected
2026-04-08 00:01:00: [WS] User 975269528 connected
2026-04-08 00:02:58: [WS] User 975269528 disconnected
2026-04-08 00:03:00: [WS] User 975269528 connected
2026-04-08 00:04:58: [WS] User 975269528 disconnected
2026-04-08 00:05:00: [WS] User 975269528 connected
2026-04-08 00:06:58: [WS] User 975269528 disconnected
2026-04-08 00:07:00: [WS] User 975269528 connected
2026-04-08 00:08:58: [WS] User 975269528 disconnected
2026-04-08 00:09:00: [WS] User 975269528 connected
2026-04-08 00:10:58: [WS] User 975269528 disconnected
2026-04-08 00:11:00: [WS] User 975269528 connected
2026-04-08 00:12:58: [WS] User 975269528 disconnected
2026-04-08 00:13:00: [WS] User 975269528 connected
2026-04-08 00:14:58: [WS] User 975269528 disconnected
2026-04-08 00:15:00: [WS] User 975269528 connected
2026-04-08 00:16:58: [WS] User 975269528 disconnected
2026-04-08 00:17:00: [WS] User 975269528 connected
2026-04-08 00:18:58: [WS] User 975269528 disconnected
2026-04-08 00:19:00: [WS] User 975269528 connected
2026-04-08 00:20:58: [WS] User 975269528 disconnected
2026-04-08 00:21:00: [WS] User 975269528 connected
2026-04-08 00:22:58: [WS] User 975269528 disconnected
2026-04-08 00:23:00: [WS] User 975269528 connected
2026-04-08 00:24:58: [WS] User 975269528 disconnected
2026-04-08 00:25:00: [WS] User 975269528 connected
2026-04-08 00:26:58: [WS] User 975269528 disconnected
2026-04-08 00:27:00: [WS] User 975269528 connected
2026-04-08 00:28:44: [WS] User 975269528 disconnected
2026-04-08 02:03:41: [WS] User 975269528 connected
2026-04-08 02:05:08: [WS] User 975269528 disconnected
2026-04-08 02:06:08: [WS] User 975269528 connected
2026-04-08 02:07:58: [WS] User 975269528 disconnected
2026-04-08 02:08:01: [WS] User 975269528 connected
2026-04-08 02:09:58: [WS] User 975269528 disconnected
2026-04-08 02:10:00: [WS] User 975269528 connected
2026-04-08 02:10:37: [WS] User 975269528 disconnected
2026-04-09 02:02:11: [WS] User 975269528 connected
2026-04-09 02:02:34: [WS] User 975269528 disconnected
2026-04-09 02:02:34: [WS] User 975269528 connected
2026-04-09 02:02:53: [WS] User 975269528 disconnected
2026-04-09 02:02:55: [WS] User 975269528 connected
2026-04-09 02:04:05: [WS] User 975269528 disconnected
2026-04-09 02:04:05: [WS] User 975269528 connected
2026-04-09 02:05:59: [WS] User 975269528 disconnected
2026-04-09 02:06:01: [WS] User 975269528 connected
2026-04-09 02:06:10: [WS] User 975269528 disconnected
2026-04-09 02:06:10: [WS] User 975269528 connected
2026-04-09 02:07:59: [WS] User 975269528 disconnected
2026-04-09 02:08:01: [WS] User 975269528 connected
2026-04-09 02:08:31: [WS] User 975269528 disconnected
2026-04-09 02:08:31: [WS] User 975269528 connected
2026-04-09 02:08:52: [WS] User 975269528 disconnected
2026-04-09 02:08:52: [WS] User 975269528 connected
2026-04-09 02:08:55: [WS] User 975269528 disconnected
2026-04-09 02:08:55: [WS] User 975269528 connected
2026-04-09 02:09:16: [WS] User 975269528 connected
2026-04-09 02:09:25: [WS] User 975269528 connected
2026-04-09 02:10:59: [WS] User 975269528 disconnected
2026-04-09 02:11:01: [WS] User 975269528 connected
2026-04-09 02:11:36: [WS] User 975269528 disconnected
2026-04-09 02:11:36: [WS] User 975269528 connected
2026-04-09 02:11:39: [WS] User 975269528 disconnected
2026-04-09 02:11:40: [WS] User 975269528 connected
2026-04-09 02:11:59: [WS] User 975269528 disconnected
2026-04-09 02:11:59: [WS] User 975269528 connected
2026-04-09 02:13:59: [WS] User 975269528 disconnected
2026-04-09 02:14:01: [WS] User 975269528 connected
2026-04-09 02:14:20: [WS] User 975269528 disconnected
2026-04-09 02:14:20: [WS] User 975269528 connected
2026-04-09 02:14:33: [WS] User 975269528 disconnected
2026-04-09 02:14:33: [WS] User 975269528 connected
2026-04-09 02:16:29: [WS] User 975269528 disconnected
2026-04-09 02:16:31: [WS] User 975269528 connected
2026-04-09 02:18:29: [WS] User 975269528 disconnected
2026-04-09 02:18:31: [WS] User 975269528 connected
2026-04-09 02:19:38: [WS] User 975269528 disconnected
2026-04-09 02:19:39: [WS] User 975269528 connected
2026-04-09 02:20:23: [WS] User 975269528 disconnected
2026-04-09 02:20:24: [WS] User 975269528 connected
2026-04-09 02:21:59: [WS] User 975269528 disconnected
2026-04-09 02:22:01: [WS] User 975269528 connected
2026-04-09 02:22:21: [WS] User 975269528 disconnected
2026-04-09 02:22:22: [WS] User 975269528 connected
2026-04-09 02:23:35: [WS] User 975269528 disconnected
2026-04-09 02:23:36: [WS] User 975269528 connected
2026-04-09 02:24:31: [WS] User 975269528 disconnected
2026-04-09 02:24:31: [WS] User 975269528 connected
2026-04-09 02:25:17: [WS] User 975269528 disconnected
2026-04-09 02:25:17: [WS] User 975269528 connected
2026-04-09 02:26:13: [WS] User 975269528 disconnected
2026-04-09 02:26:14: [WS] User 975269528 connected
2026-04-09 02:26:18: [WS] User 975269528 disconnected
2026-04-09 02:26:19: [WS] User 975269528 connected
2026-04-09 02:27:59: [WS] User 975269528 disconnected
2026-04-09 02:28:02: [WS] User 975269528 connected
2026-04-09 02:29:59: [WS] User 975269528 disconnected
2026-04-09 02:30:01: [WS] User 975269528 connected
2026-04-09 02:31:59: [WS] User 975269528 disconnected
2026-04-09 02:32:01: [WS] User 975269528 connected
2026-04-09 02:33:15: [WS] User 975269528 disconnected
2026-04-09 02:33:15: [WS] User 975269528 connected
2026-04-09 02:33:58: [DEATH] user.place_id= 1011 tavernId= 1011 tavernName= 威尼斯酒馆
2026-04-09 02:34:25: [WS] User 975269528 disconnected
2026-04-09 02:34:25: [WS] User 975269528 connected
2026-04-09 02:35:59: [WS] User 975269528 disconnected
2026-04-09 02:36:01: [WS] User 975269528 connected
2026-04-09 02:36:09: [HTTP] Server running on port 3000
2026-04-09 02:36:09: [WS] WebSocket server listening on port 8282
2026-04-09 02:36:10: [WS] User 975269528 connected
2026-04-09 02:36:10: [WS] User 975269528 disconnected
2026-04-09 02:36:10: [WS] User 975269528 connected
2026-04-09 02:36:22: [WS] User 975269528 disconnected
2026-04-09 02:36:23: [WS] User 975269528 connected
2026-04-09 02:37:43: [HTTP] Server running on port 3000
2026-04-09 02:37:43: [WS] WebSocket server listening on port 8282
2026-04-09 02:37:44: [WS] User 975269528 connected
2026-04-09 02:38:14: [WS] User 975269528 disconnected
2026-04-09 02:38:14: [WS] User 975269528 connected
2026-04-09 02:38:32: [DEATH] user.place_id= 1011 tavernId= 1011 tavernName= 威尼斯酒馆
2026-04-09 02:39:00: [HTTP] Server running on port 3000
2026-04-09 02:39:00: [WS] WebSocket server listening on port 8282
2026-04-09 02:39:00: [WS] User 975269528 connected
2026-04-09 02:39:06: [HTTP] Server running on port 3000
2026-04-09 02:39:06: [WS] WebSocket server listening on port 8282
2026-04-09 02:39:07: [WS] User 975269528 connected
2026-04-09 02:39:15: [HTTP] Server running on port 3000
2026-04-09 02:39:15: [WS] WebSocket server listening on port 8282
2026-04-09 02:39:16: [WS] User 975269528 connected
2026-04-09 02:40:09: [WS] User 975269528 disconnected
2026-04-09 02:40:10: [WS] User 975269528 connected
2026-04-09 02:40:21: [DEBUG use_shortcut] slot: 1 field: shortcut_slot_1 userId: 2
2026-04-09 02:40:28: [WS] User 975269528 disconnected
2026-04-09 02:41:00: [HTTP] Server running on port 3000
2026-04-09 02:41:00: [WS] WebSocket server listening on port 8282
2026-04-09 02:41:26: [WS] User 975269528 connected
2026-04-09 02:41:43: [WS] User 975269528 disconnected
2026-04-09 02:41:43: [WS] User 975269528 connected
2026-04-09 02:41:48: [DEBUG use_shortcut] slot: 1 field: shortcut_slot_1 userId: 2
2026-04-09 02:41:49: [DEBUG use_shortcut] slot: 1 field: shortcut_slot_1 userId: 2
2026-04-09 02:41:50: [DEBUG use_shortcut] slot: 1 field: shortcut_slot_1 userId: 2
2026-04-09 02:41:53: [WS] User 975269528 disconnected
2026-04-09 02:46:15: [DEBUG use_shortcut] slot: 2 field: shortcut_slot_2 userId: 2
2026-04-09 02:47:38: [WS] User 975269528 connected
2026-04-09 02:47:39: [WS] User 975269528 disconnected
2026-04-09 02:47:39: [WS] User 975269528 connected
2026-04-09 02:47:58: [WS] User 975269528 disconnected
2026-04-09 02:48:42: [WS] User 975269528 connected
2026-04-09 02:48:50: [WS] User 975269528 disconnected
2026-04-09 02:49:10: [WS] User 975269528 connected
2026-04-09 02:49:19: [WS] User 975269528 disconnected
2026-04-09 02:49:19: [WS] User 975269528 connected
2026-04-09 02:49:28: [DEBUG use_shortcut] slot: 1 field: shortcut_slot_1 userId: 2
2026-04-09 02:49:29: [DEBUG use_shortcut] slot: 1 field: shortcut_slot_1 userId: 2
2026-04-09 02:49:30: [DEBUG use_shortcut] slot: 1 field: shortcut_slot_1 userId: 2
2026-04-09 02:49:30: [DEBUG use_shortcut] slot: 1 field: shortcut_slot_1 userId: 2
2026-04-09 02:49:31: [DEBUG use_shortcut] slot: 1 field: shortcut_slot_1 userId: 2
2026-04-09 02:49:31: [DEBUG use_shortcut] slot: 1 field: shortcut_slot_1 userId: 2
2026-04-09 02:49:34: [WS] User 975269528 disconnected
2026-04-09 02:50:00: [DEBUG use_shortcut] slot: 1 field: shortcut_slot_1 userId: 2
2026-04-09 02:50:01: [DEBUG use_shortcut] slot: 1 field: shortcut_slot_1 userId: 2
2026-04-09 02:50:28: [DEBUG use_shortcut] slot: 1 field: shortcut_slot_1 userId: 2
2026-04-09 02:50:29: [DEBUG use_shortcut] slot: 1 field: shortcut_slot_1 userId: 2
2026-04-09 02:51:43: [WS] User 975269528 connected
2026-04-09 02:51:49: [WS] User 975269528 disconnected
2026-04-09 02:52:04: [WS] User 975269528 connected
2026-04-09 02:52:11: [DEBUG use_shortcut] slot: 1 field: shortcut_slot_1 userId: 2
2026-04-09 02:52:14: [WS] User 975269528 disconnected
2026-04-09 02:52:35: [HTTP] Server running on port 3000
2026-04-09 02:52:35: [WS] WebSocket server listening on port 8282
2026-04-09 02:52:46: [WS] User 975269528 connected
2026-04-09 02:53:07: [WS] User 975269528 disconnected
2026-04-09 02:53:41: [WS] User 975269528 connected
2026-04-09 02:53:45: [WS] User 975269528 connected
2026-04-09 02:53:48: [WS] User 975269528 disconnected
2026-04-09 02:53:48: [WS] User 975269528 connected
2026-04-09 02:53:56: [WS] User 975269528 disconnected
2026-04-09 02:54:49: [WS] User 975269528 connected
2026-04-09 02:54:54: [WS] User 975269528 disconnected
